[2021-06-11 16:01:42] local.ERROR: Unable to prepare route [api/user] for serialization. Uses Closure. {"exception":"[object] (LogicException(code: 0): Unable to prepare route [api/user] for serialization. Uses Closure. at C:\\xampp\\htdocs\\KHOA LUAN WEBSITE BAN HANG\\KHOA LUAN WEBSITE BAN HANG\\SOURCE\\vendor\\laravel\\framework\\src\\Illuminate\\Routing\\Route.php:917)
[stacktrace]
#0 C:\\xampp\\htdocs\\KHOA LUAN WEBSITE BAN HANG\\KHOA LUAN WEBSITE BAN HANG\\SOURCE\\vendor\\laravel\\framework\\src\\Illuminate\\Foundation\\Console\\RouteCacheCommand.php(62): Illuminate\\Routing\\Route->prepareForSerialization()
#1 C:\\xampp\\htdocs\\KHOA LUAN WEBSITE BAN HANG\\KHOA LUAN WEBSITE BAN HANG\\SOURCE\\vendor\\laravel\\framework\\src\\Illuminate\\Container\\BoundMethod.php(36): Illuminate\\Foundation\\Console\\RouteCacheCommand->handle()
#2 C:\\xampp\\htdocs\\KHOA LUAN WEBSITE BAN HANG\\KHOA LUAN WEBSITE BAN HANG\\SOURCE\\vendor\\laravel\\framework\\src\\Illuminate\\Container\\Util.php(37): Illuminate\\Container\\BoundMethod::Illuminate\\Container\\{closure}()
#3 C:\\xampp\\htdocs\\KHOA LUAN WEBSITE BAN HANG\\KHOA LUAN WEBSITE BAN HANG\\SOURCE\\vendor\\laravel\\framework\\src\\Illuminate\\Container\\BoundMethod.php(93): Illuminate\\Container\\Util::unwrapIfClosure(Object(Closure))
#4 C:\\xampp\\htdocs\\KHOA LUAN WEBSITE BAN HANG\\KHOA LUAN WEBSITE BAN HANG\\SOURCE\\vendor\\laravel\\framework\\src\\Illuminate\\Container\\BoundMethod.php(37): Illuminate\\Container\\BoundMethod::callBoundMethod(Object(Illuminate\\Foundation\\Application), Array, Object(Closure))
#5 C:\\xampp\\htdocs\\KHOA LUAN WEBSITE BAN HANG\\KHOA LUAN WEBSITE BAN HANG\\SOURCE\\vendor\\laravel\\framework\\src\\Illuminate\\Container\\Container.php(590): Illuminate\\Container\\BoundMethod::call(Object(Illuminate\\Foundation\\Application), Array, Array, NULL)
#6 C:\\xampp\\htdocs\\KHOA LUAN WEBSITE BAN HANG\\KHOA LUAN WEBSITE BAN HANG\\SOURCE\\vendor\\laravel\\framework\\src\\Illuminate\\Console\\Command.php(134): Illuminate\\Container\\Container->call(Array)
#7 C:\\xampp\\htdocs\\KHOA LUAN WEBSITE BAN HANG\\KHOA LUAN WEBSITE BAN HANG\\SOURCE\\vendor\\symfony\\console\\Command\\Command.php(255): Illuminate\\Console\\Command->execute(Object(Symfony\\Component\\Console\\Input\\ArrayInput), Object(Illuminate\\Console\\OutputStyle))
#8 C:\\xampp\\htdocs\\KHOA LUAN WEBSITE BAN HANG\\KHOA LUAN WEBSITE BAN HANG\\SOURCE\\vendor\\laravel\\framework\\src\\Illuminate\\Console\\Command.php(121): Symfony\\Component\\Console\\Command\\Command->run(Object(Symfony\\Component\\Console\\Input\\ArrayInput), Object(Illuminate\\Console\\OutputStyle))
#9 C:\\xampp\\htdocs\\KHOA LUAN WEBSITE BAN HANG\\KHOA LUAN WEBSITE BAN HANG\\SOURCE\\vendor\\laravel\\framework\\src\\Illuminate\\Console\\Concerns\\CallsCommands.php(56): Illuminate\\Console\\Command->run(Object(Symfony\\Component\\Console\\Input\\ArrayInput), Object(Illuminate\\Console\\OutputStyle))
#10 C:\\xampp\\htdocs\\KHOA LUAN WEBSITE BAN HANG\\KHOA LUAN WEBSITE BAN HANG\\SOURCE\\vendor\\laravel\\framework\\src\\Illuminate\\Console\\Concerns\\CallsCommands.php(28): Illuminate\\Console\\Command->runCommand('route:cache', Array, Object(Illuminate\\Console\\OutputStyle))
#11 C:\\xampp\\htdocs\\KHOA LUAN WEBSITE BAN HANG\\KHOA LUAN WEBSITE BAN HANG\\SOURCE\\vendor\\laravel\\framework\\src\\Illuminate\\Foundation\\Console\\OptimizeCommand.php(31): Illuminate\\Console\\Command->call('route:cache')
#12 C:\\xampp\\htdocs\\KHOA LUAN WEBSITE BAN HANG\\KHOA LUAN WEBSITE BAN HANG\\SOURCE\\vendor\\laravel\\framework\\src\\Illuminate\\Container\\BoundMethod.php(36): Illuminate\\Foundation\\Console\\OptimizeCommand->handle()
#13 C:\\xampp\\htdocs\\KHOA LUAN WEBSITE BAN HANG\\KHOA LUAN WEBSITE BAN HANG\\SOURCE\\vendor\\laravel\\framework\\src\\Illuminate\\Container\\Util.php(37): Illuminate\\Container\\BoundMethod::Illuminate\\Container\\{closure}()
#14 C:\\xampp\\htdocs\\KHOA LUAN WEBSITE BAN HANG\\KHOA LUAN WEBSITE BAN HANG\\SOURCE\\vendor\\laravel\\framework\\src\\Illuminate\\Container\\BoundMethod.php(93): Illuminate\\Container\\Util::unwrapIfClosure(Object(Closure))
#15 C:\\xampp\\htdocs\\KHOA LUAN WEBSITE BAN HANG\\KHOA LUAN WEBSITE BAN HANG\\SOURCE\\vendor\\laravel\\framework\\src\\Illuminate\\Container\\BoundMethod.php(37): Illuminate\\Container\\BoundMethod::callBoundMethod(Object(Illuminate\\Foundation\\Application), Array, Object(Closure))
#16 C:\\xampp\\htdocs\\KHOA LUAN WEBSITE BAN HANG\\KHOA LUAN WEBSITE BAN HANG\\SOURCE\\vendor\\laravel\\framework\\src\\Illuminate\\Container\\Container.php(590): Illuminate\\Container\\BoundMethod::call(Object(Illuminate\\Foundation\\Application), Array, Array, NULL)
#17 C:\\xampp\\htdocs\\KHOA LUAN WEBSITE BAN HANG\\KHOA LUAN WEBSITE BAN HANG\\SOURCE\\vendor\\laravel\\framework\\src\\Illuminate\\Console\\Command.php(134): Illuminate\\Container\\Container->call(Array)
#18 C:\\xampp\\htdocs\\KHOA LUAN WEBSITE BAN HANG\\KHOA LUAN WEBSITE BAN HANG\\SOURCE\\vendor\\symfony\\console\\Command\\Command.php(255): Illuminate\\Console\\Command->execute(Object(Symfony\\Component\\Console\\Input\\ArgvInput), Object(Illuminate\\Console\\OutputStyle))
#19 C:\\xampp\\htdocs\\KHOA LUAN WEBSITE BAN HANG\\KHOA LUAN WEBSITE BAN HANG\\SOURCE\\vendor\\laravel\\framework\\src\\Illuminate\\Console\\Command.php(121): Symfony\\Component\\Console\\Command\\Command->run(Object(Symfony\\Component\\Console\\Input\\ArgvInput), Object(Illuminate\\Console\\OutputStyle))
#20 C:\\xampp\\htdocs\\KHOA LUAN WEBSITE BAN HANG\\KHOA LUAN WEBSITE BAN HANG\\SOURCE\\vendor\\symfony\\console\\Application.php(1009): Illuminate\\Console\\Command->run(Object(Symfony\\Component\\Console\\Input\\ArgvInput), Object(Symfony\\Component\\Console\\Output\\ConsoleOutput))
#21 C:\\xampp\\htdocs\\KHOA LUAN WEBSITE BAN HANG\\KHOA LUAN WEBSITE BAN HANG\\SOURCE\\vendor\\symfony\\console\\Application.php(273): Symfony\\Component\\Console\\Application->doRunCommand(Object(Illuminate\\Foundation\\Console\\OptimizeCommand), Object(Symfony\\Component\\Console\\Input\\ArgvInput), Object(Symfony\\Component\\Console\\Output\\ConsoleOutput))
#22 C:\\xampp\\htdocs\\KHOA LUAN WEBSITE BAN HANG\\KHOA LUAN WEBSITE BAN HANG\\SOURCE\\vendor\\symfony\\console\\Application.php(149): Symfony\\Component\\Console\\Application->doRun(Object(Symfony\\Component\\Console\\Input\\ArgvInput), Object(Symfony\\Component\\Console\\Output\\ConsoleOutput))
#23 C:\\xampp\\htdocs\\KHOA LUAN WEBSITE BAN HANG\\KHOA LUAN WEBSITE BAN HANG\\SOURCE\\vendor\\laravel\\framework\\src\\Illuminate\\Console\\Application.php(93): Symfony\\Component\\Console\\Application->run(Object(Symfony\\Component\\Console\\Input\\ArgvInput), Object(Symfony\\Component\\Console\\Output\\ConsoleOutput))
#24 C:\\xampp\\htdocs\\KHOA LUAN WEBSITE BAN HANG\\KHOA LUAN WEBSITE BAN HANG\\SOURCE\\vendor\\laravel\\framework\\src\\Illuminate\\Foundation\\Console\\Kernel.php(131): Illuminate\\Console\\Application->run(Object(Symfony\\Component\\Console\\Input\\ArgvInput), Object(Symfony\\Component\\Console\\Output\\ConsoleOutput))
#25 C:\\xampp\\htdocs\\KHOA LUAN WEBSITE BAN HANG\\KHOA LUAN WEBSITE BAN HANG\\SOURCE\\artisan(37): Illuminate\\Foundation\\Console\\Kernel->handle(Object(Symfony\\Component\\Console\\Input\\ArgvInput), Object(Symfony\\Component\\Console\\Output\\ConsoleOutput))
#26 {main}
"} 
